[14:25:44] [Server thread/INFO]: Starting minecraft server version 1.8.8
[14:25:44] [Server thread/INFO]: Loading properties
[14:25:44] [Server thread/INFO]: Default game type: SURVIVAL
[14:25:44] [Server thread/INFO]: This server is running CraftBukkit version git-Spigot-db6de12-18fbb24 (MC: 1.8.8) (Implementing API version 1.8.8-R0.1-SNAPSHOT)
[14:25:44] [Server thread/INFO]: Server Ping Player Sample Count: 12
[14:25:44] [Server thread/INFO]: Using 4 threads for Netty based IO
[14:25:44] [Server thread/INFO]: Debug logging is disabled
[14:25:44] [Server thread/INFO]: Generating keypair
[14:25:44] [Server thread/INFO]: Starting Minecraft server on *:25565
[14:25:44] [Server thread/INFO]: Using default channel type
[14:25:45] [Server thread/INFO]: Set PluginClassLoader as parallel capable
[14:25:45] [Server thread/ERROR]: Could not load 'plugins/AACAdditionPro 4.6.2.jar' in folder 'plugins'
org.bukkit.plugin.UnknownDependencyException: AAC
	at org.bukkit.plugin.SimplePluginManager.loadPlugins(SimplePluginManager.java:219) [spigot.jar:git-Spigot-db6de12-18fbb24]
	at org.bukkit.craftbukkit.v1_8_R3.CraftServer.loadPlugins(CraftServer.java:292) [spigot.jar:git-Spigot-db6de12-18fbb24]
	at net.minecraft.server.v1_8_R3.DedicatedServer.init(DedicatedServer.java:198) [spigot.jar:git-Spigot-db6de12-18fbb24]
	at net.minecraft.server.v1_8_R3.MinecraftServer.run(MinecraftServer.java:525) [spigot.jar:git-Spigot-db6de12-18fbb24]
	at java.lang.Thread.run(Thread.java:750) [?:1.8.0_452]
[14:25:45] [Server thread/ERROR]: Could not load 'plugins/ViaVersion-5.0.3.jar' in folder 'plugins'
org.bukkit.plugin.InvalidPluginException: java.lang.UnsupportedClassVersionError: com/viaversion/viaversion/ViaVersionPlugin has been compiled by a more recent version of the Java Runtime (class file version 61.0), this version of the Java Runtime only recognizes class file versions up to 52.0
	at org.bukkit.plugin.java.JavaPluginLoader.loadPlugin(JavaPluginLoader.java:135) ~[spigot.jar:git-Spigot-db6de12-18fbb24]
	at org.bukkit.plugin.SimplePluginManager.loadPlugin(SimplePluginManager.java:329) ~[spigot.jar:git-Spigot-db6de12-18fbb24]
	at org.bukkit.plugin.SimplePluginManager.loadPlugins(SimplePluginManager.java:251) [spigot.jar:git-Spigot-db6de12-18fbb24]
	at org.bukkit.craftbukkit.v1_8_R3.CraftServer.loadPlugins(CraftServer.java:292) [spigot.jar:git-Spigot-db6de12-18fbb24]
	at net.minecraft.server.v1_8_R3.DedicatedServer.init(DedicatedServer.java:198) [spigot.jar:git-Spigot-db6de12-18fbb24]
	at net.minecraft.server.v1_8_R3.MinecraftServer.run(MinecraftServer.java:525) [spigot.jar:git-Spigot-db6de12-18fbb24]
	at java.lang.Thread.run(Thread.java:750) [?:1.8.0_452]
Caused by: java.lang.UnsupportedClassVersionError: com/viaversion/viaversion/ViaVersionPlugin has been compiled by a more recent version of the Java Runtime (class file version 61.0), this version of the Java Runtime only recognizes class file versions up to 52.0
	at java.lang.ClassLoader.defineClass1(Native Method) ~[?:1.8.0_452]
	at java.lang.ClassLoader.defineClass(ClassLoader.java:756) ~[?:1.8.0_452]
	at java.security.SecureClassLoader.defineClass(SecureClassLoader.java:142) ~[?:1.8.0_452]
	at java.net.URLClassLoader.defineClass(URLClassLoader.java:473) ~[?:1.8.0_452]
	at java.net.URLClassLoader.access$100(URLClassLoader.java:74) ~[?:1.8.0_452]
	at java.net.URLClassLoader$1.run(URLClassLoader.java:369) ~[?:1.8.0_452]
	at java.net.URLClassLoader$1.run(URLClassLoader.java:363) ~[?:1.8.0_452]
	at java.security.AccessController.doPrivileged(Native Method) ~[?:1.8.0_452]
	at java.net.URLClassLoader.findClass(URLClassLoader.java:362) ~[?:1.8.0_452]
	at org.bukkit.plugin.java.PluginClassLoader.findClass(PluginClassLoader.java:101) ~[spigot.jar:git-Spigot-db6de12-18fbb24]
	at org.bukkit.plugin.java.PluginClassLoader.findClass(PluginClassLoader.java:86) ~[spigot.jar:git-Spigot-db6de12-18fbb24]
	at java.lang.ClassLoader.loadClass(ClassLoader.java:418) ~[?:1.8.0_452]
	at java.lang.ClassLoader.loadClass(ClassLoader.java:351) ~[?:1.8.0_452]
	at java.lang.Class.forName0(Native Method) ~[?:1.8.0_452]
	at java.lang.Class.forName(Class.java:348) ~[?:1.8.0_452]
	at org.bukkit.plugin.java.PluginClassLoader.<init>(PluginClassLoader.java:64) ~[spigot.jar:git-Spigot-db6de12-18fbb24]
	at org.bukkit.plugin.java.JavaPluginLoader.loadPlugin(JavaPluginLoader.java:131) ~[spigot.jar:git-Spigot-db6de12-18fbb24]
	... 6 more
[14:25:45] [Server thread/INFO]: [Citizens] Loading Citizens v2.0.31-SNAPSHOT (build 3036)
[14:25:45] [Server thread/INFO]: [spark] Loading spark v1.10.59
[14:25:45] [Server thread/INFO]: [Essentials] Loading Essentials v2.21.0-dev+25-fbfd7e9
[14:25:45] [Server thread/INFO]: [SkinsRestorer] Loading SkinsRestorer v15.4.0
[14:25:45] [Server thread/INFO]: [SkinsRestorer] Enabling SkinsRestorer v15.4.0
[14:25:45] [Server thread/INFO]: [33;1m[[32;22mSkinsRestorer[33;1m] [0;39m[32;1mRunning on Minecraft [33;1m1.8.8[32;1m.[0;39m
[14:25:46] [Server thread/WARN]: [33;1m[[32;22mSkinsRestorer[33;1m] [0;39m[33;1mYour Java version "8" is not supported! SkinsRestorer now uses Java 17 primarily.[0;39m
[14:25:46] [Server thread/WARN]: [33;1m[[32;22mSkinsRestorer[33;1m] [0;39m[33;1mThe plugin was "downgraded" to Java 1.8 (Java 8) to ensure compatibility with your server, but it may cause issues.[0;39m
[14:25:46] [Server thread/WARN]: [33;1m[[32;22mSkinsRestorer[33;1m] [0;39m[33;1mThe plugin still works, but it may have Java version related issues.[0;39m
[14:25:46] [Server thread/WARN]: [33;1m[[32;22mSkinsRestorer[33;1m] [0;39m[33;1mPlease update your server Java version to 17 or higher to get the best performance, security and to avoid issues with SkinsRestorer.[0;39m
[14:25:46] [Server thread/WARN]: **** SERVER IS RUNNING IN OFFLINE/INSECURE MODE!
[14:25:46] [Server thread/WARN]: The server will make no attempt to authenticate usernames. Beware.
[14:25:46] [Server thread/WARN]: While this makes the game possible to play without internet access, it also opens up the ability for hackers to connect with any username they choose.
[14:25:46] [Server thread/WARN]: To change this, set "online-mode" to "true" in the server.properties file.
[14:25:46] [Server thread/INFO]: **** Beginning UUID conversion, this may take A LONG time ****
[14:25:46] [Server thread/INFO]: Preparing level "world"
[14:25:46] [Server thread/INFO]: -------- World Settings For [world] --------
[14:25:46] [Server thread/INFO]: Mob Spawn Range: 4
[14:25:46] [Server thread/INFO]: Anti X-Ray: true
[14:25:46] [Server thread/INFO]: 	Engine Mode: 1
[14:25:46] [Server thread/INFO]: 	Hidden Blocks: [14, 15, 16, 21, 48, 49, 54, 56, 73, 74, 82, 129, 130]
[14:25:46] [Server thread/INFO]: 	Replace Blocks: [1, 5]
[14:25:46] [Server thread/INFO]: Nerfing mobs spawned from spawners: false
[14:25:46] [Server thread/INFO]: Cactus Growth Modifier: 100%
[14:25:46] [Server thread/INFO]: Cane Growth Modifier: 100%
[14:25:46] [Server thread/INFO]: Melon Growth Modifier: 100%
[14:25:46] [Server thread/INFO]: Mushroom Growth Modifier: 100%
[14:25:46] [Server thread/INFO]: Pumpkin Growth Modifier: 100%
[14:25:46] [Server thread/INFO]: Sapling Growth Modifier: 100%
[14:25:46] [Server thread/INFO]: Wheat Growth Modifier: 100%
[14:25:46] [Server thread/INFO]: NetherWart Growth Modifier: 100%
[14:25:46] [Server thread/INFO]: Entity Activation Range: An 32 / Mo 32 / Mi 16
[14:25:46] [Server thread/INFO]: Entity Tracking Range: Pl 48 / An 48 / Mo 48 / Mi 32 / Other 64
[14:25:46] [Server thread/INFO]: Hopper Transfer: 8 Hopper Check: 1 Hopper Amount: 1
[14:25:46] [Server thread/INFO]: Random Lighting Updates: false
[14:25:46] [Server thread/INFO]: Structure Info Saving: true
[14:25:46] [Server thread/INFO]: Sending up to 10 chunks per packet
[14:25:46] [Server thread/INFO]: Max Entity Collisions: 8
[14:25:46] [Server thread/INFO]: Custom Map Seeds:  Village: 10387312 Feature: 14357617
[14:25:46] [Server thread/INFO]: Max TNT Explosions: 100
[14:25:46] [Server thread/INFO]: Tile Max Tick Time: 50ms Entity max Tick Time: 50ms
[14:25:46] [Server thread/INFO]: Item Despawn Rate: 6000
[14:25:46] [Server thread/INFO]: Item Merge Radius: 2.5
[14:25:46] [Server thread/INFO]: Arrow Despawn Rate: 1200
[14:25:46] [Server thread/INFO]: Allow Zombie Pigmen to spawn from portal blocks: true
[14:25:46] [Server thread/INFO]: View Distance: 10
[14:25:46] [Server thread/INFO]: Zombie Aggressive Towards Villager: true
[14:25:46] [Server thread/INFO]: Chunks to Grow per Tick: 650
[14:25:46] [Server thread/INFO]: Clear tick list: false
[14:25:46] [Server thread/INFO]: Experience Merge Radius: 3.0
[14:25:46] [Server thread/INFO]: -------- World Settings For [world_the_end] --------
[14:25:46] [Server thread/INFO]: Mob Spawn Range: 4
[14:25:46] [Server thread/INFO]: Anti X-Ray: true
[14:25:46] [Server thread/INFO]: 	Engine Mode: 1
[14:25:46] [Server thread/INFO]: 	Hidden Blocks: [14, 15, 16, 21, 48, 49, 54, 56, 73, 74, 82, 129, 130]
[14:25:46] [Server thread/INFO]: 	Replace Blocks: [1, 5]
[14:25:46] [Server thread/INFO]: Nerfing mobs spawned from spawners: false
[14:25:46] [Server thread/INFO]: Cactus Growth Modifier: 100%
[14:25:46] [Server thread/INFO]: Cane Growth Modifier: 100%
[14:25:46] [Server thread/INFO]: Melon Growth Modifier: 100%
[14:25:46] [Server thread/INFO]: Mushroom Growth Modifier: 100%
[14:25:46] [Server thread/INFO]: Pumpkin Growth Modifier: 100%
[14:25:46] [Server thread/INFO]: Sapling Growth Modifier: 100%
[14:25:46] [Server thread/INFO]: Wheat Growth Modifier: 100%
[14:25:46] [Server thread/INFO]: NetherWart Growth Modifier: 100%
[14:25:46] [Server thread/INFO]: Entity Activation Range: An 32 / Mo 32 / Mi 16
[14:25:46] [Server thread/INFO]: Entity Tracking Range: Pl 48 / An 48 / Mo 48 / Mi 32 / Other 64
[14:25:46] [Server thread/INFO]: Hopper Transfer: 8 Hopper Check: 1 Hopper Amount: 1
[14:25:46] [Server thread/INFO]: Random Lighting Updates: false
[14:25:46] [Server thread/INFO]: Structure Info Saving: true
[14:25:46] [Server thread/INFO]: Sending up to 10 chunks per packet
[14:25:46] [Server thread/INFO]: Max Entity Collisions: 8
[14:25:46] [Server thread/INFO]: Custom Map Seeds:  Village: 10387312 Feature: 14357617
[14:25:46] [Server thread/INFO]: Max TNT Explosions: 100
[14:25:46] [Server thread/INFO]: Tile Max Tick Time: 50ms Entity max Tick Time: 50ms
[14:25:46] [Server thread/INFO]: Item Despawn Rate: 6000
[14:25:46] [Server thread/INFO]: Item Merge Radius: 2.5
[14:25:46] [Server thread/INFO]: Arrow Despawn Rate: 1200
[14:25:46] [Server thread/INFO]: Allow Zombie Pigmen to spawn from portal blocks: true
[14:25:46] [Server thread/INFO]: View Distance: 10
[14:25:46] [Server thread/INFO]: Zombie Aggressive Towards Villager: true
[14:25:46] [Server thread/INFO]: Chunks to Grow per Tick: 650
[14:25:46] [Server thread/INFO]: Clear tick list: false
[14:25:46] [Server thread/INFO]: Experience Merge Radius: 3.0
[14:25:46] [Server thread/INFO]: Preparing start region for level 0 (Seed: 6449644148566793192)
[14:25:46] [Server thread/INFO]: Preparing start region for level 1 (Seed: 6449644148566793192)
[14:25:47] [Server thread/INFO]: [Citizens] Enabling Citizens v2.0.31-SNAPSHOT (build 3036)
[14:25:47] [Server thread/INFO]: [Citizens] Loading external libraries
[14:25:47] [Server thread/INFO]: [spark] Enabling spark v1.10.59
[14:25:47] [Server thread/INFO]: [spark] Using Bukkit scheduler for tick monitoring
[14:25:47] [Server thread/INFO]: [spark] Starting background profiler...
[14:25:48] [Server thread/INFO]: [Essentials] Enabling Essentials v2.21.0-dev+25-fbfd7e9
[14:25:48] [Server thread/INFO]: You are running a server with limited API functionality. EssentialsX will still work, but certain features may be disabled.
[14:25:48] [Server thread/INFO]: Attempting to convert old kits in config.yml to new kits.yml
[14:25:48] [Server thread/INFO]: No kits found to migrate.
[14:25:48] [Server thread/INFO]: Loaded 853 items from items.csv.
[14:25:48] [Server thread/INFO]: Using locale en
[14:25:48] [Server thread/INFO]: ServerListPingEvent: Spigot iterator API
[14:25:48] [Server thread/INFO]: Starting Metrics. Opt-out using the global bStats config.
[14:25:48] [Server thread/INFO]: Using superperms-based permissions.
[14:25:48] [Server thread/INFO]: Server permissions file permissions.yml is empty, ignoring it
[14:25:48] [Server thread/INFO]: Done (2.378s)! For help, type "help" or "?"
[14:25:48] [Craft Scheduler Thread - 3/INFO]: ยง6Fetching version information...
[14:25:48] [Server thread/INFO]: [Citizens] Loaded 0 NPCs.
[14:25:49] [Craft Scheduler Thread - 0/INFO]: [33;1m[[32;22mSkinsRestorer[33;1m] [0;39m[32;1m----------------------------------------------[0;39m
[14:25:49] [Craft Scheduler Thread - 0/INFO]: [33;1m[[32;22mSkinsRestorer[33;1m] [0;39m[32;1m    +==================+[0;39m
[14:25:49] [Craft Scheduler Thread - 0/INFO]: [33;1m[[32;22mSkinsRestorer[33;1m] [0;39m[32;1m    |   SkinsRestorer  |[0;39m
[14:25:49] [Craft Scheduler Thread - 0/INFO]: [33;1m[[32;22mSkinsRestorer[33;1m] [0;39m[32;1m    |------------------|[0;39m
[14:25:49] [Craft Scheduler Thread - 0/INFO]: [33;1m[[32;22mSkinsRestorer[33;1m] [0;39m[32;1m    |  [34;1m[4m[21mStandalone Mode[0;39m[32;1m |[0;39m
[14:25:49] [Craft Scheduler Thread - 0/INFO]: [33;1m[[32;22mSkinsRestorer[33;1m] [0;39m[32;1m    +==================+[0;39m
[14:25:49] [Craft Scheduler Thread - 0/INFO]: [33;1m[[32;22mSkinsRestorer[33;1m] [0;39m[32;1m----------------------------------------------[0;39m
[14:25:49] [Craft Scheduler Thread - 0/INFO]: [33;1m[[32;22mSkinsRestorer[33;1m] [0;39m[36;1m    Version: [31;1m15.4.0[0;39m
[14:25:49] [Craft Scheduler Thread - 0/INFO]: [33;1m[[32;22mSkinsRestorer[33;1m] [0;39m[36;1m    Commit: [31;1m7837da9[0;39m
[14:25:49] [Craft Scheduler Thread - 0/INFO]: [33;1m[[32;22mSkinsRestorer[33;1m] [0;39m[36;1m    A new version ([32;1m15.7.9[36;1m) is available! Downloading update...[0;39m
[14:25:49] [Craft Scheduler Thread - 0/INFO]: [33;1m[[32;22mSkinsRestorer[33;1m] [0;39m[32;1m----------------------------------------------[0;39m
[14:25:49] [Craft Scheduler Thread - 0/INFO]: [33;1m[[32;22mSkinsRestorer[33;1m] [0;39m[GitHubUpdate] Downloading update...[0;39m
[14:25:49] [Craft Scheduler Thread - 3/WARN]: ยง4You're ยงc241 ยง4EssentialsX dev build(s) out of date!
[14:25:49] [Craft Scheduler Thread - 3/WARN]: ยง4Download it here:ยงc https://essentialsx.net/downloads.html
[14:25:49] [Craft Scheduler Thread - 0/WARN]: [33;1m[[32;22mSkinsRestorer[33;1m] [0;39m[GitHubUpdate] SHA256 hash not found, cannot verify integrity[0;39m
[14:25:49] [Craft Scheduler Thread - 0/INFO]: [33;1m[[32;22mSkinsRestorer[33;1m] [0;39m[GitHubUpdate] Downloaded update in 596ms[0;39m
[14:25:49] [Craft Scheduler Thread - 0/INFO]: [33;1m[[32;22mSkinsRestorer[33;1m] [0;39m[GitHubUpdate] Update saved as SkinsRestorer.jar[0;39m
[14:25:49] [Craft Scheduler Thread - 0/INFO]: [33;1m[[32;22mSkinsRestorer[33;1m] [0;39m[GitHubUpdate] The update will be loaded on the next server restart[0;39m
